# JRE version: Java(TM) SE Runtime Environment (18.0.1.1+2) (build 18.0.1.1+2-6)
# Java VM: Java HotSpot(TM) 64-Bit Server VM (18.0.1.1+2-6, mixed mode, emulated-client, sharing, tiered, compressed oops, compressed class ptrs, g1 gc, windows-amd64)
GC Precious Log:
 CardTable entry size: 512
 Card Set container configuration: InlinePtr #cards 5 size 8 Array Of Cards #cards 12 size 40 Howl #buckets 4 coarsen threshold 1843 Howl Bitmap #cards 512 size 80 coarsen threshold 460 Card regions per heap region 1 cards per card region 2048
 CPUs: 4 total, 4 available
 Memory: 6094M
 Large Page Support: Disabled
 NUMA Support: Disabled
 Compressed Oops: Enabled (32-bit)
 Heap Region Size: 1M
 Heap Min Capacity: 8M
 Heap Initial Capacity: 96M
 Heap Max Capacity: 1524M
 Pre-touch: Disabled
 Parallel Workers: 4
 Concurrent Workers: 1
 Concurrent Refinement Workers: 4
 Periodic GC: Disabled
Heap:
 garbage-first heap   total 51200K, used 30810K [0x00000000a0c00000, 0x0000000100000000)
  region size 1024K, 15 young (15360K), 3 survivors (3072K)
 Metaspace       used 43458K, committed 43968K, reserved 1114112K
  class space    used 5944K, committed 6208K, reserved 1048576K
GC Heap History (20 events):
Event: 1.299 GC heap before
{Heap before GC invocations=0 (full 0):
 garbage-first heap   total 98304K, used 13312K [0x00000000a0c00000, 0x0000000100000000)
  region size 1024K, 13 young (13312K), 0 survivors (0K)
 Metaspace       used 3477K, committed 3712K, reserved 1114112K
  class space    used 407K, committed 512K, reserved 1048576K
}
Event: 1.311 GC heap after
{Heap after GC invocations=1 (full 0):
 garbage-first heap   total 98304K, used 6176K [0x00000000a0c00000, 0x0000000100000000)
  region size 1024K, 2 young (2048K), 2 survivors (2048K)
 Metaspace       used 3477K, committed 3712K, reserved 1114112K
  class space    used 407K, committed 512K, reserved 1048576K
}
Event: 1.968 GC heap before
{Heap before GC invocations=1 (full 0):
 garbage-first heap   total 98304K, used 16416K [0x00000000a0c00000, 0x0000000100000000)
  region size 1024K, 12 young (12288K), 2 survivors (2048K)
 Metaspace       used 6688K, committed 6848K, reserved 1114112K
  class space    used 786K, committed 832K, reserved 1048576K
}
Event: 1.974 GC heap after
{Heap after GC invocations=2 (full 0):
 garbage-first heap   total 98304K, used 7264K [0x00000000a0c00000, 0x0000000100000000)
  region size 1024K, 1 young (1024K), 1 survivors (1024K)
 Metaspace       used 6688K, committed 6848K, reserved 1114112K
  class space    used 786K, committed 832K, reserved 1048576K
}
Event: 2.644 GC heap before
{Heap before GC invocations=2 (full 0):
 garbage-first heap   total 98304K, used 30816K [0x00000000a0c00000, 0x0000000100000000)
  region size 1024K, 25 young (25600K), 1 survivors (1024K)
 Metaspace       used 10894K, committed 11200K, reserved 1114112K
  class space    used 1429K, committed 1600K, reserved 1048576K
}
Event: 2.648 GC heap after
{Heap after GC invocations=3 (full 0):
 garbage-first heap   total 98304K, used 8843K [0x00000000a0c00000, 0x0000000100000000)
  region size 1024K, 3 young (3072K), 3 survivors (3072K)
 Metaspace       used 10894K, committed 11200K, reserved 1114112K
  class space    used 1429K, committed 1600K, reserved 1048576K
}
Event: 3.922 GC heap before
{Heap before GC invocations=3 (full 0):
 garbage-first heap   total 98304K, used 63115K [0x00000000a0c00000, 0x0000000100000000)
  region size 1024K, 57 young (58368K), 3 survivors (3072K)
 Metaspace       used 18857K, committed 19136K, reserved 1114112K
  class space    used 2434K, committed 2560K, reserved 1048576K
}
Event: 3.931 GC heap after
{Heap after GC invocations=4 (full 0):
 garbage-first heap   total 98304K, used 12091K [0x00000000a0c00000, 0x0000000100000000)
  region size 1024K, 6 young (6144K), 6 survivors (6144K)
 Metaspace       used 18857K, committed 19136K, reserved 1114112K
  class space    used 2434K, committed 2560K, reserved 1048576K
}
Event: 4.544 GC heap before
{Heap before GC invocations=4 (full 0):
 garbage-first heap   total 98304K, used 30523K [0x00000000a0c00000, 0x0000000100000000)
  region size 1024K, 25 young (25600K), 6 survivors (6144K)
 Metaspace       used 21240K, committed 21504K, reserved 1114112K
  class space    used 2789K, committed 2944K, reserved 1048576K
}
Event: 4.552 GC heap after
{Heap after GC invocations=5 (full 0):
 garbage-first heap   total 98304K, used 13717K [0x00000000a0c00000, 0x0000000100000000)
  region size 1024K, 5 young (5120K), 5 survivors (5120K)
 Metaspace       used 21240K, committed 21504K, reserved 1114112K
  class space    used 2789K, committed 2944K, reserved 1048576K
}
Event: 5.419 GC heap before
{Heap before GC invocations=6 (full 0):
 garbage-first heap   total 51200K, used 39317K [0x00000000a0c00000, 0x0000000100000000)
  region size 1024K, 30 young (30720K), 5 survivors (5120K)
 Metaspace       used 25179K, committed 25600K, reserved 1114112K
  class space    used 3404K, committed 3584K, reserved 1048576K
}
Event: 5.435 GC heap after
{Heap after GC invocations=7 (full 0):
 garbage-first heap   total 51200K, used 15787K [0x00000000a0c00000, 0x0000000100000000)
  region size 1024K, 4 young (4096K), 4 survivors (4096K)
 Metaspace       used 25179K, committed 25600K, reserved 1114112K
  class space    used 3404K, committed 3584K, reserved 1048576K
}
Event: 6.123 GC heap before
{Heap before GC invocations=7 (full 0):
 garbage-first heap   total 51200K, used 36267K [0x00000000a0c00000, 0x0000000100000000)
  region size 1024K, 24 young (24576K), 4 survivors (4096K)
 Metaspace       used 28136K, committed 28608K, reserved 1114112K
  class space    used 3762K, committed 3968K, reserved 1048576K
}
Event: 6.129 GC heap after
{Heap after GC invocations=8 (full 0):
 garbage-first heap   total 51200K, used 17537K [0x00000000a0c00000, 0x0000000100000000)
  region size 1024K, 2 young (2048K), 2 survivors (2048K)
 Metaspace       used 28136K, committed 28608K, reserved 1114112K
  class space    used 3762K, committed 3968K, reserved 1048576K
}
Event: 6.703 GC heap before
{Heap before GC invocations=8 (full 0):
 garbage-first heap   total 51200K, used 38017K [0x00000000a0c00000, 0x0000000100000000)
  region size 1024K, 22 young (22528K), 2 survivors (2048K)
 Metaspace       used 32311K, committed 32832K, reserved 1114112K
  class space    used 4391K, committed 4608K, reserved 1048576K
}
Event: 6.706 GC heap after
{Heap after GC invocations=9 (full 0):
 garbage-first heap   total 51200K, used 18646K [0x00000000a0c00000, 0x0000000100000000)
  region size 1024K, 2 young (2048K), 2 survivors (2048K)
 Metaspace       used 32311K, committed 32832K, reserved 1114112K
  class space    used 4391K, committed 4608K, reserved 1048576K
}
Event: 7.157 GC heap before
{Heap before GC invocations=9 (full 0):
 garbage-first heap   total 51200K, used 29910K [0x00000000a0c00000, 0x0000000100000000)
  region size 1024K, 14 young (14336K), 2 survivors (2048K)
 Metaspace       used 35462K, committed 35968K, reserved 1114112K
  class space    used 4782K, committed 5056K, reserved 1048576K
}
Event: 7.160 GC heap after
{Heap after GC invocations=10 (full 0):
 garbage-first heap   total 51200K, used 19174K [0x00000000a0c00000, 0x0000000100000000)
  region size 1024K, 2 young (2048K), 2 survivors (2048K)
 Metaspace       used 35462K, committed 35968K, reserved 1114112K
  class space    used 4782K, committed 5056K, reserved 1048576K
}
Event: 7.840 GC heap before
{Heap before GC invocations=11 (full 0):
 garbage-first heap   total 51200K, used 38630K [0x00000000a0c00000, 0x0000000100000000)
  region size 1024K, 22 young (22528K), 2 survivors (2048K)
 Metaspace       used 40022K, committed 40512K, reserved 1114112K
  class space    used 5397K, committed 5632K, reserved 1048576K
}
Event: 7.845 GC heap after
{Heap after GC invocations=12 (full 0):
 garbage-first heap   total 51200K, used 20570K [0x00000000a0c00000, 0x0000000100000000)
  region size 1024K, 3 young (3072K), 3 survivors (3072K)
 Metaspace       used 40022K, committed 40512K, reserved 1114112K
  class space    used 5397K, committed 5632K, reserved 1048576K
}

